# JRE version: OpenJDK Runtime Environment (21.0.6) (build 21.0.6+-13391695-b895.109)
# Java VM: OpenJDK 64-Bit Server VM (21.0.6+-13391695-b895.109, mixed mode, tiered, compressed oops, compressed class ptrs, g1 gc, windows-amd64)
GC Precious Log:
 CardTable entry size: 512
 Card Set container configuration: InlinePtr #cards 5 size 8 Array Of Cards #cards 12 size 40 Howl #buckets 4 coarsen threshold 1843 Howl Bitmap #cards 512 size 80 coarsen threshold 460 Card regions per heap region 1 cards per card region 2048
 CPUs: 12 total, 12 available
 Memory: 16108M
 Large Page Support: Disabled
 NUMA Support: Disabled
 Compressed Oops: Enabled (32-bit)
 Heap Region Size: 1M
 Heap Min Capacity: 8M
 Heap Initial Capacity: 252M
 Heap Max Capacity: 2G
 Pre-touch: Disabled
 Parallel Workers: 10
 Concurrent Workers: 3
 Concurrent Refinement Workers: 10
 Periodic GC: Disabled
Heap:
 garbage-first heap   total 491520K, used 240424K [0x0000000080000000, 0x0000000100000000)
  region size 1024K, 26 young (26624K), 13 survivors (13312K)
 Metaspace       used 166577K, committed 169088K, reserved 1245184K
  class space    used 20901K, committed 22144K, reserved 1048576K
GC Heap History (20 events):
Event: 1529.964 GC heap before
{Heap before GC invocations=79 (full 0):
 garbage-first heap   total 423936K, used 388551K [0x0000000080000000, 0x0000000100000000)
  region size 1024K, 162 young (165888K), 10 survivors (10240K)
 Metaspace       used 166240K, committed 168768K, reserved 1245184K
  class space    used 20870K, committed 22144K, reserved 1048576K
}
Event: 1529.970 GC heap after
{Heap after GC invocations=80 (full 0):
 garbage-first heap   total 423936K, used 235479K [0x0000000080000000, 0x0000000100000000)
  region size 1024K, 11 young (11264K), 11 survivors (11264K)
 Metaspace       used 166240K, committed 168768K, reserved 1245184K
  class space    used 20870K, committed 22144K, reserved 1048576K
}
Event: 1530.422 GC heap before
{Heap before GC invocations=81 (full 0):
 garbage-first heap   total 423936K, used 389079K [0x0000000080000000, 0x0000000100000000)
  region size 1024K, 161 young (164864K), 11 survivors (11264K)
 Metaspace       used 166242K, committed 168768K, reserved 1245184K
  class space    used 20870K, committed 22144K, reserved 1048576K
}
Event: 1530.429 GC heap after
{Heap after GC invocations=82 (full 0):
 garbage-first heap   total 423936K, used 237814K [0x0000000080000000, 0x0000000100000000)
  region size 1024K, 13 young (13312K), 13 survivors (13312K)
 Metaspace       used 166242K, committed 168768K, reserved 1245184K
  class space    used 20870K, committed 22144K, reserved 1048576K
}
Event: 1530.789 GC heap before
{Heap before GC invocations=82 (full 0):
 garbage-first heap   total 423936K, used 387318K [0x0000000080000000, 0x0000000100000000)
  region size 1024K, 160 young (163840K), 13 survivors (13312K)
 Metaspace       used 166247K, committed 168768K, reserved 1245184K
  class space    used 20870K, committed 22144K, reserved 1048576K
}
Event: 1530.802 GC heap after
{Heap after GC invocations=83 (full 0):
 garbage-first heap   total 423936K, used 234947K [0x0000000080000000, 0x0000000100000000)
  region size 1024K, 12 young (12288K), 12 survivors (12288K)
 Metaspace       used 166247K, committed 168768K, reserved 1245184K
  class space    used 20870K, committed 22144K, reserved 1048576K
}
Event: 1530.817 GC heap before
{Heap before GC invocations=83 (full 0):
 garbage-first heap   total 423936K, used 242115K [0x0000000080000000, 0x0000000100000000)
  region size 1024K, 21 young (21504K), 12 survivors (12288K)
 Metaspace       used 166247K, committed 168768K, reserved 1245184K
  class space    used 20870K, committed 22144K, reserved 1048576K
}
Event: 1530.824 GC heap after
{Heap after GC invocations=84 (full 0):
 garbage-first heap   total 491520K, used 234477K [0x0000000080000000, 0x0000000100000000)
  region size 1024K, 11 young (11264K), 11 survivors (11264K)
 Metaspace       used 166247K, committed 168768K, reserved 1245184K
  class space    used 20870K, committed 22144K, reserved 1048576K
}
Event: 1531.404 GC heap before
{Heap before GC invocations=85 (full 0):
 garbage-first heap   total 491520K, used 458733K [0x0000000080000000, 0x0000000100000000)
  region size 1024K, 227 young (232448K), 11 survivors (11264K)
 Metaspace       used 166249K, committed 168768K, reserved 1245184K
  class space    used 20870K, committed 22144K, reserved 1048576K
}
Event: 1531.413 GC heap after
{Heap after GC invocations=86 (full 0):
 garbage-first heap   total 491520K, used 233472K [0x0000000080000000, 0x0000000100000000)
  region size 1024K, 11 young (11264K), 11 survivors (11264K)
 Metaspace       used 166249K, committed 168768K, reserved 1245184K
  class space    used 20870K, committed 22144K, reserved 1048576K
}
Event: 1532.354 GC heap before
{Heap before GC invocations=86 (full 0):
 garbage-first heap   total 491520K, used 455680K [0x0000000080000000, 0x0000000100000000)
  region size 1024K, 228 young (233472K), 11 survivors (11264K)
 Metaspace       used 166326K, committed 168832K, reserved 1245184K
  class space    used 20870K, committed 22144K, reserved 1048576K
}
Event: 1532.387 GC heap after
{Heap after GC invocations=87 (full 0):
 garbage-first heap   total 491520K, used 233967K [0x0000000080000000, 0x0000000100000000)
  region size 1024K, 14 young (14336K), 14 survivors (14336K)
 Metaspace       used 166326K, committed 168832K, reserved 1245184K
  class space    used 20870K, committed 22144K, reserved 1048576K
}
Event: 1533.352 GC heap before
{Heap before GC invocations=87 (full 0):
 garbage-first heap   total 491520K, used 451055K [0x0000000080000000, 0x0000000100000000)
  region size 1024K, 227 young (232448K), 14 survivors (14336K)
 Metaspace       used 166331K, committed 168896K, reserved 1245184K
  class space    used 20870K, committed 22144K, reserved 1048576K
}
Event: 1533.361 GC heap after
{Heap after GC invocations=88 (full 0):
 garbage-first heap   total 491520K, used 234684K [0x0000000080000000, 0x0000000100000000)
  region size 1024K, 16 young (16384K), 16 survivors (16384K)
 Metaspace       used 166331K, committed 168896K, reserved 1245184K
  class space    used 20870K, committed 22144K, reserved 1048576K
}
Event: 1534.405 GC heap before
{Heap before GC invocations=89 (full 0):
 garbage-first heap   total 491520K, used 448700K [0x0000000080000000, 0x0000000100000000)
  region size 1024K, 226 young (231424K), 16 survivors (16384K)
 Metaspace       used 166384K, committed 168960K, reserved 1245184K
  class space    used 20872K, committed 22144K, reserved 1048576K
}
Event: 1534.414 GC heap after
{Heap after GC invocations=90 (full 0):
 garbage-first heap   total 491520K, used 230884K [0x0000000080000000, 0x0000000100000000)
  region size 1024K, 14 young (14336K), 14 survivors (14336K)
 Metaspace       used 166384K, committed 168960K, reserved 1245184K
  class space    used 20872K, committed 22144K, reserved 1048576K
}
Event: 1536.565 GC heap before
{Heap before GC invocations=90 (full 0):
 garbage-first heap   total 491520K, used 453092K [0x0000000080000000, 0x0000000100000000)
  region size 1024K, 230 young (235520K), 14 survivors (14336K)
 Metaspace       used 166508K, committed 169024K, reserved 1245184K
  class space    used 20892K, committed 22144K, reserved 1048576K
}
Event: 1536.578 GC heap after
{Heap after GC invocations=91 (full 0):
 garbage-first heap   total 491520K, used 229650K [0x0000000080000000, 0x0000000100000000)
  region size 1024K, 14 young (14336K), 14 survivors (14336K)
 Metaspace       used 166508K, committed 169024K, reserved 1245184K
  class space    used 20892K, committed 22144K, reserved 1048576K
}
Event: 1537.938 GC heap before
{Heap before GC invocations=91 (full 0):
 garbage-first heap   total 491520K, used 346386K [0x0000000080000000, 0x0000000100000000)
  region size 1024K, 129 young (132096K), 14 survivors (14336K)
 Metaspace       used 166509K, committed 169024K, reserved 1245184K
  class space    used 20892K, committed 22144K, reserved 1048576K
}
Event: 1537.947 GC heap after
{Heap after GC invocations=92 (full 0):
 garbage-first heap   total 491520K, used 227112K [0x0000000080000000, 0x0000000100000000)
  region size 1024K, 13 young (13312K), 13 survivors (13312K)
 Metaspace       used 166509K, committed 169024K, reserved 1245184K
  class space    used 20892K, committed 22144K, reserved 1048576K
}

